Shape of train feature and train Paths is (119894, 512) and 119894
Shape of test feature and test label is (44972, 512) and (44972,)
Epoch [1] -loss 0.4468 - Accuracy: 39.33% 
Epoch [2] -loss 0.1840 - Accuracy: 100.00% 

Exp_No : 1 - Test accuracy : 10.00% -Current Object : 05_23 - Object No- 1
Epoch [1] -loss 0.4563 - Accuracy: 50.33% 
Epoch [2] -loss 0.1755 - Accuracy: 90.67% 
Epoch [3] -loss 0.1013 - Accuracy: 99.50% 

Exp_No : 1 - Test accuracy : 14.25% -Current Object : 06_12 - Object No- 2
Epoch [1] -loss 0.4802 - Accuracy: 66.67% 
Epoch [2] -loss 0.2068 - Accuracy: 88.44% 
Epoch [3] -loss 0.1260 - Accuracy: 98.78% 

Exp_No : 1 - Test accuracy : 15.50% -Current Object : 08_28 - Object No- 3
Epoch [1] -loss 0.7192 - Accuracy: 75.06% 
Epoch [2] -loss 0.2371 - Accuracy: 88.32% 
Epoch [3] -loss 0.1254 - Accuracy: 97.83% 

Exp_No : 1 - Test accuracy : 17.64% -Current Object : 11_47 - Object No- 4
Epoch [1] -loss 0.7368 - Accuracy: 79.79% 
Epoch [2] -loss 0.2786 - Accuracy: 84.46% 
Epoch [3] -loss 0.1230 - Accuracy: 97.73% 

Exp_No : 1 - Test accuracy : 21.83% -Current Object : 02_39 - Object No- 5
Epoch [1] -loss 0.1118 - Accuracy: 98.11% 

Exp_No : 1 - Test accuracy : 22.26% -Current Object : 01_26 - Object No- 6
Epoch [1] -loss 0.1607 - Accuracy: 91.95% 
Epoch [2] -loss 0.0853 - Accuracy: 98.05% 

Exp_No : 1 - Test accuracy : 23.77% -Current Object : 02_50 - Object No- 7
Epoch [1] -loss 0.0730 - Accuracy: 98.37% 

Exp_No : 1 - Test accuracy : 25.17% -Current Object : 05_28 - Object No- 8
Epoch [1] -loss 0.0506 - Accuracy: 99.00% 

Exp_No : 1 - Test accuracy : 26.81% -Current Object : 04_28 - Object No- 9
Epoch [1] -loss 0.7216 - Accuracy: 89.63% 
Epoch [2] -loss 0.2979 - Accuracy: 92.23% 
Epoch [3] -loss 0.0546 - Accuracy: 99.33% 

Exp_No : 1 - Test accuracy : 30.59% -Current Object : 01_33 - Object No- 10
Epoch [1] -loss 0.1031 - Accuracy: 95.24% 

Exp_No : 1 - Test accuracy : 32.75% -Current Object : 05_34 - Object No- 11
Epoch [1] -loss 0.1328 - Accuracy: 93.86% 
Epoch [2] -loss 0.0592 - Accuracy: 96.80% 

Exp_No : 1 - Test accuracy : 38.22% -Current Object : 11_40 - Object No- 12
Epoch [1] -loss 0.5453 - Accuracy: 90.45% 
Epoch [2] -loss 0.2141 - Accuracy: 94.22% 
Epoch [3] -loss 0.0441 - Accuracy: 98.74% 

Exp_No : 1 - Test accuracy : 41.69% -Current Object : 06_45 - Object No- 13
Epoch [1] -loss 0.0598 - Accuracy: 98.09% 

Exp_No : 1 - Test accuracy : 44.20% -Current Object : 01_43 - Object No- 14
Epoch [1] -loss 0.4399 - Accuracy: 92.48% 
Epoch [2] -loss 0.1816 - Accuracy: 96.17% 

Exp_No : 1 - Test accuracy : 46.82% -Current Object : 08_18 - Object No- 15
Epoch [1] -loss 0.0637 - Accuracy: 99.15% 

Exp_No : 1 - Test accuracy : 48.45% -Current Object : 11_35 - Object No- 16
Epoch [1] -loss 0.1867 - Accuracy: 95.29% 

Exp_No : 1 - Test accuracy : 51.62% -Current Object : 08_13 - Object No- 17
Epoch [1] -loss 0.0591 - Accuracy: 97.96% 

Exp_No : 1 - Test accuracy : 51.82% -Current Object : 09_35 - Object No- 18
Epoch [1] -loss 0.2976 - Accuracy: 93.35% 
Epoch [2] -loss 0.1052 - Accuracy: 96.56% 

Exp_No : 1 - Test accuracy : 52.81% -Current Object : 06_08 - Object No- 19
Epoch [1] -loss 0.0752 - Accuracy: 97.83% 

Exp_No : 1 - Test accuracy : 54.91% -Current Object : 11_24 - Object No- 20
Epoch [1] -loss 0.0721 - Accuracy: 97.04% 

Exp_No : 1 - Test accuracy : 53.26% -Current Object : 05_48 - Object No- 21
Epoch [1] -loss 0.0522 - Accuracy: 98.18% 

Exp_No : 1 - Test accuracy : 55.69% -Current Object : 05_29 - Object No- 22
Epoch [1] -loss 0.3278 - Accuracy: 94.65% 
Epoch [2] -loss 0.1005 - Accuracy: 97.62% 

Exp_No : 1 - Test accuracy : 60.38% -Current Object : 09_05 - Object No- 23
Epoch [1] -loss 0.0383 - Accuracy: 98.57% 

Exp_No : 1 - Test accuracy : 61.33% -Current Object : 11_34 - Object No- 24
Epoch [1] -loss 0.0330 - Accuracy: 98.34% 

Exp_No : 1 - Test accuracy : 62.50% -Current Object : 04_31 - Object No- 25
Epoch [1] -loss 0.0632 - Accuracy: 97.34% 

Exp_No : 1 - Test accuracy : 63.28% -Current Object : 02_13 - Object No- 26
Epoch [1] -loss 0.0766 - Accuracy: 97.23% 

Exp_No : 1 - Test accuracy : 61.67% -Current Object : 08_21 - Object No- 27
Epoch [1] -loss 0.0380 - Accuracy: 98.13% 

Exp_No : 1 - Test accuracy : 64.56% -Current Object : 05_44 - Object No- 28
Epoch [1] -loss 0.0235 - Accuracy: 98.75% 

Exp_No : 1 - Test accuracy : 64.76% -Current Object : 01_12 - Object No- 29
Epoch [1] -loss 0.0243 - Accuracy: 99.03% 

Exp_No : 1 - Test accuracy : 64.34% -Current Object : 02_31 - Object No- 30
Epoch [1] -loss 0.0334 - Accuracy: 98.76% 

Exp_No : 1 - Test accuracy : 66.07% -Current Object : 02_28 - Object No- 31
Epoch [1] -loss 0.0307 - Accuracy: 99.08% 

Exp_No : 1 - Test accuracy : 65.30% -Current Object : 04_26 - Object No- 32
Epoch [1] -loss 0.0390 - Accuracy: 98.01% 

Exp_No : 1 - Test accuracy : 66.66% -Current Object : 11_14 - Object No- 33
Epoch [1] -loss 0.0496 - Accuracy: 97.04% 

Exp_No : 1 - Test accuracy : 68.35% -Current Object : 01_20 - Object No- 34
Epoch [1] -loss 0.0362 - Accuracy: 97.45% 

Exp_No : 1 - Test accuracy : 69.60% -Current Object : 11_03 - Object No- 35
Epoch [1] -loss 0.0411 - Accuracy: 97.61% 

Exp_No : 1 - Test accuracy : 69.59% -Current Object : 08_11 - Object No- 36
Epoch [1] -loss 0.0809 - Accuracy: 96.68% 

Exp_No : 1 - Test accuracy : 71.48% -Current Object : 04_10 - Object No- 37
Epoch [1] -loss 0.0469 - Accuracy: 97.47% 

Exp_No : 1 - Test accuracy : 71.86% -Current Object : 04_18 - Object No- 38
Epoch [1] -loss 0.0615 - Accuracy: 97.22% 

Exp_No : 1 - Test accuracy : 71.66% -Current Object : 05_12 - Object No- 39
Epoch [1] -loss 0.0503 - Accuracy: 97.53% 

Exp_No : 1 - Test accuracy : 70.82% -Current Object : 04_22 - Object No- 40
Epoch [1] -loss 0.0402 - Accuracy: 97.69% 

Exp_No : 1 - Test accuracy : 70.61% -Current Object : 05_03 - Object No- 41
Epoch [1] -loss 0.0510 - Accuracy: 97.18% 

Exp_No : 1 - Test accuracy : 71.88% -Current Object : 05_17 - Object No- 42
Epoch [1] -loss 0.0418 - Accuracy: 97.93% 

Exp_No : 1 - Test accuracy : 71.84% -Current Object : 11_32 - Object No- 43
Epoch [1] -loss 0.0546 - Accuracy: 97.85% 

Exp_No : 1 - Test accuracy : 71.58% -Current Object : 06_35 - Object No- 44
Epoch [1] -loss 0.0398 - Accuracy: 97.66% 

Exp_No : 1 - Test accuracy : 72.14% -Current Object : 06_16 - Object No- 45
Epoch [1] -loss 0.0421 - Accuracy: 97.32% 

Exp_No : 1 - Test accuracy : 73.66% -Current Object : 05_07 - Object No- 46
Epoch [1] -loss 0.0421 - Accuracy: 97.41% 

Exp_No : 1 - Test accuracy : 75.27% -Current Object : 08_09 - Object No- 47
Epoch [1] -loss 0.0498 - Accuracy: 97.42% 

Exp_No : 1 - Test accuracy : 75.52% -Current Object : 04_49 - Object No- 48
Epoch [1] -loss 0.0597 - Accuracy: 97.06% 

Exp_No : 1 - Test accuracy : 76.53% -Current Object : 01_36 - Object No- 49
Epoch [1] -loss 0.0482 - Accuracy: 97.33% 

Exp_No : 1 - Test accuracy : 76.73% -Current Object : 08_48 - Object No- 50
Epoch [1] -loss 0.0797 - Accuracy: 96.79% 

Exp_No : 1 - Test accuracy : 77.42% -Current Object : 11_45 - Object No- 51
Epoch [1] -loss 0.0549 - Accuracy: 96.58% 

Exp_No : 1 - Test accuracy : 77.26% -Current Object : 05_50 - Object No- 52
Epoch [1] -loss 0.0425 - Accuracy: 96.78% 

Exp_No : 1 - Test accuracy : 77.19% -Current Object : 08_41 - Object No- 53
Epoch [1] -loss 0.0452 - Accuracy: 97.20% 

Exp_No : 1 - Test accuracy : 77.52% -Current Object : 11_33 - Object No- 54
Epoch [1] -loss 0.0532 - Accuracy: 96.84% 

Exp_No : 1 - Test accuracy : 77.55% -Current Object : 11_19 - Object No- 55
Epoch [1] -loss 0.0628 - Accuracy: 95.85% 

Exp_No : 1 - Test accuracy : 79.02% -Current Object : 11_27 - Object No- 56
Epoch [1] -loss 0.0493 - Accuracy: 96.22% 

Exp_No : 1 - Test accuracy : 79.66% -Current Object : 09_24 - Object No- 57
Epoch [1] -loss 0.0528 - Accuracy: 96.35% 

Exp_No : 1 - Test accuracy : 79.82% -Current Object : 01_30 - Object No- 58
Epoch [1] -loss 0.0440 - Accuracy: 96.44% 

Exp_No : 1 - Test accuracy : 79.93% -Current Object : 06_22 - Object No- 59
Epoch [1] -loss 0.0630 - Accuracy: 96.32% 

Exp_No : 1 - Test accuracy : 80.67% -Current Object : 04_12 - Object No- 60
Epoch [1] -loss 0.0622 - Accuracy: 96.41% 

Exp_No : 1 - Test accuracy : 80.37% -Current Object : 09_42 - Object No- 61
Epoch [1] -loss 0.0577 - Accuracy: 96.54% 

Exp_No : 1 - Test accuracy : 80.07% -Current Object : 09_49 - Object No- 62
Epoch [1] -loss 0.0502 - Accuracy: 96.91% 

Exp_No : 1 - Test accuracy : 80.10% -Current Object : 02_44 - Object No- 63
Epoch [1] -loss 0.0802 - Accuracy: 96.55% 

Exp_No : 1 - Test accuracy : 80.12% -Current Object : 02_14 - Object No- 64
Epoch [1] -loss 0.0540 - Accuracy: 96.34% 

Exp_No : 1 - Test accuracy : 80.41% -Current Object : 05_15 - Object No- 65
Epoch [1] -loss 0.0586 - Accuracy: 96.36% 

Exp_No : 1 - Test accuracy : 79.78% -Current Object : 05_46 - Object No- 66
Epoch [1] -loss 0.0812 - Accuracy: 95.34% 

Exp_No : 1 - Test accuracy : 80.93% -Current Object : 06_39 - Object No- 67
Epoch [1] -loss 0.0586 - Accuracy: 95.61% 

Exp_No : 1 - Test accuracy : 80.51% -Current Object : 09_15 - Object No- 68
Epoch [1] -loss 0.0753 - Accuracy: 95.57% 

Exp_No : 1 - Test accuracy : 81.29% -Current Object : 06_04 - Object No- 69
Epoch [1] -loss 0.0722 - Accuracy: 95.77% 

Exp_No : 1 - Test accuracy : 81.43% -Current Object : 08_32 - Object No- 70
Epoch [1] -loss 0.0948 - Accuracy: 95.71% 

Exp_No : 1 - Test accuracy : 81.33% -Current Object : 06_28 - Object No- 71
Epoch [1] -loss 0.0816 - Accuracy: 95.74% 

Exp_No : 1 - Test accuracy : 81.36% -Current Object : 04_42 - Object No- 72
Epoch [1] -loss 0.0580 - Accuracy: 95.93% 

Exp_No : 1 - Test accuracy : 80.59% -Current Object : 02_25 - Object No- 73
Epoch [1] -loss 0.0827 - Accuracy: 96.03% 

Exp_No : 1 - Test accuracy : 81.61% -Current Object : 09_08 - Object No- 74
Epoch [1] -loss 0.0614 - Accuracy: 95.47% 

Exp_No : 1 - Test accuracy : 81.65% -Current Object : 09_27 - Object No- 75
Epoch [1] -loss 0.0765 - Accuracy: 95.08% 

Exp_No : 1 - Test accuracy : 82.40% -Current Object : 02_10 - Object No- 76
Epoch [1] -loss 0.0594 - Accuracy: 95.24% 

Exp_No : 1 - Test accuracy : 82.22% -Current Object : 05_14 - Object No- 77
Epoch [1] -loss 0.0704 - Accuracy: 95.60% 

Exp_No : 1 - Test accuracy : 81.98% -Current Object : 05_18 - Object No- 78
Epoch [1] -loss 0.0626 - Accuracy: 95.84% 

Exp_No : 1 - Test accuracy : 82.12% -Current Object : 01_14 - Object No- 79
Epoch [1] -loss 0.0754 - Accuracy: 95.80% 

Exp_No : 1 - Test accuracy : 82.45% -Current Object : 09_36 - Object No- 80
Epoch [1] -loss 0.0605 - Accuracy: 95.91% 

Exp_No : 1 - Test accuracy : 82.76% -Current Object : 11_21 - Object No- 81
Epoch [1] -loss 0.0913 - Accuracy: 94.96% 
Epoch [2] -loss 0.0697 - Accuracy: 95.47% 

Exp_No : 1 - Test accuracy : 83.03% -Current Object : 04_01 - Object No- 82
Epoch [1] -loss 0.0723 - Accuracy: 95.32% 

Exp_No : 1 - Test accuracy : 83.99% -Current Object : 05_36 - Object No- 83
Epoch [1] -loss 0.0888 - Accuracy: 95.38% 

Exp_No : 1 - Test accuracy : 83.66% -Current Object : 04_20 - Object No- 84
Epoch [1] -loss 0.0780 - Accuracy: 95.49% 

Exp_No : 1 - Test accuracy : 83.91% -Current Object : 05_33 - Object No- 85
Epoch [1] -loss 0.0660 - Accuracy: 95.32% 

Exp_No : 1 - Test accuracy : 83.78% -Current Object : 02_16 - Object No- 86
Epoch [1] -loss 0.0713 - Accuracy: 95.26% 

Exp_No : 1 - Test accuracy : 83.87% -Current Object : 04_39 - Object No- 87
Epoch [1] -loss 0.0716 - Accuracy: 95.43% 

Exp_No : 1 - Test accuracy : 84.04% -Current Object : 08_16 - Object No- 88
Epoch [1] -loss 0.0802 - Accuracy: 95.53% 

Exp_No : 1 - Test accuracy : 83.40% -Current Object : 09_33 - Object No- 89
Epoch [1] -loss 0.0950 - Accuracy: 95.11% 

Exp_No : 1 - Test accuracy : 83.76% -Current Object : 06_29 - Object No- 90
Epoch [1] -loss 0.0629 - Accuracy: 95.34% 

Exp_No : 1 - Test accuracy : 84.49% -Current Object : 04_29 - Object No- 91
Epoch [1] -loss 0.0603 - Accuracy: 95.37% 

Exp_No : 1 - Test accuracy : 83.89% -Current Object : 04_35 - Object No- 92
Epoch [1] -loss 0.0672 - Accuracy: 95.56% 

Exp_No : 1 - Test accuracy : 83.62% -Current Object : 08_35 - Object No- 93
Epoch [1] -loss 0.0968 - Accuracy: 95.10% 

Exp_No : 1 - Test accuracy : 83.90% -Current Object : 06_49 - Object No- 94
Epoch [1] -loss 0.0915 - Accuracy: 95.33% 

Exp_No : 1 - Test accuracy : 84.08% -Current Object : 02_45 - Object No- 95
Epoch [1] -loss 0.0793 - Accuracy: 95.17% 

Exp_No : 1 - Test accuracy : 83.45% -Current Object : 06_14 - Object No- 96
Epoch [1] -loss 0.0561 - Accuracy: 95.27% 

Exp_No : 1 - Test accuracy : 83.99% -Current Object : 02_34 - Object No- 97
Epoch [1] -loss 0.0760 - Accuracy: 95.36% 

Exp_No : 1 - Test accuracy : 83.79% -Current Object : 04_50 - Object No- 98
Epoch [1] -loss 0.0803 - Accuracy: 95.00% 

Exp_No : 1 - Test accuracy : 83.93% -Current Object : 01_01 - Object No- 99
Epoch [1] -loss 0.0604 - Accuracy: 95.15% 

Exp_No : 1 - Test accuracy : 84.06% -Current Object : 06_27 - Object No- 100
Epoch [1] -loss 0.4006 - Accuracy: 76.00% 
Epoch [2] -loss 0.1608 - Accuracy: 100.00% 

Exp_No : 2 - Test accuracy : 10.00% -Current Object : 05_23 - Object No- 1
Epoch [1] -loss 0.4643 - Accuracy: 50.00% 
Epoch [2] -loss 0.1998 - Accuracy: 80.83% 
Epoch [3] -loss 0.1194 - Accuracy: 98.50% 

Exp_No : 2 - Test accuracy : 13.72% -Current Object : 06_12 - Object No- 2
Epoch [1] -loss 0.5865 - Accuracy: 66.44% 
Epoch [2] -loss 0.2525 - Accuracy: 76.44% 
Epoch [3] -loss 0.1472 - Accuracy: 96.11% 

Exp_No : 2 - Test accuracy : 17.92% -Current Object : 08_28 - Object No- 3
Epoch [1] -loss 0.6645 - Accuracy: 74.81% 
Epoch [2] -loss 0.2098 - Accuracy: 92.16% 
Epoch [3] -loss 0.1204 - Accuracy: 99.58% 

Exp_No : 2 - Test accuracy : 19.81% -Current Object : 11_47 - Object No- 4
Epoch [1] -loss 0.7747 - Accuracy: 79.99% 
Epoch [2] -loss 0.2926 - Accuracy: 87.79% 
Epoch [3] -loss 0.1038 - Accuracy: 99.93% 

Exp_No : 2 - Test accuracy : 23.80% -Current Object : 02_39 - Object No- 5
Epoch [1] -loss 0.1117 - Accuracy: 97.94% 

Exp_No : 2 - Test accuracy : 23.38% -Current Object : 01_26 - Object No- 6
Epoch [1] -loss 0.1522 - Accuracy: 92.28% 
Epoch [2] -loss 0.0812 - Accuracy: 97.81% 

Exp_No : 2 - Test accuracy : 23.73% -Current Object : 02_50 - Object No- 7
Epoch [1] -loss 0.0708 - Accuracy: 97.75% 

Exp_No : 2 - Test accuracy : 24.76% -Current Object : 05_28 - Object No- 8
Epoch [1] -loss 0.0508 - Accuracy: 99.04% 

Exp_No : 2 - Test accuracy : 27.21% -Current Object : 04_28 - Object No- 9
Epoch [1] -loss 0.7105 - Accuracy: 89.56% 
Epoch [2] -loss 0.2884 - Accuracy: 92.26% 
Epoch [3] -loss 0.0523 - Accuracy: 99.40% 

Exp_No : 2 - Test accuracy : 30.80% -Current Object : 01_33 - Object No- 10
Epoch [1] -loss 0.1020 - Accuracy: 95.00% 
Epoch [2] -loss 0.0492 - Accuracy: 99.00% 

Exp_No : 2 - Test accuracy : 33.83% -Current Object : 05_34 - Object No- 11
Epoch [1] -loss 0.1146 - Accuracy: 94.30% 
Epoch [2] -loss 0.0512 - Accuracy: 96.94% 

Exp_No : 2 - Test accuracy : 39.23% -Current Object : 11_40 - Object No- 12
Epoch [1] -loss 0.6426 - Accuracy: 90.73% 
Epoch [2] -loss 0.1790 - Accuracy: 93.76% 
Epoch [3] -loss 0.0480 - Accuracy: 98.51% 

Exp_No : 2 - Test accuracy : 41.24% -Current Object : 06_45 - Object No- 13
Epoch [1] -loss 0.0625 - Accuracy: 98.12% 

Exp_No : 2 - Test accuracy : 44.24% -Current Object : 01_43 - Object No- 14
Epoch [1] -loss 0.6165 - Accuracy: 92.44% 
Epoch [2] -loss 0.1965 - Accuracy: 96.15% 

Exp_No : 2 - Test accuracy : 46.25% -Current Object : 08_18 - Object No- 15
Epoch [1] -loss 0.0521 - Accuracy: 99.12% 

Exp_No : 2 - Test accuracy : 48.17% -Current Object : 11_35 - Object No- 16
Epoch [1] -loss 0.1099 - Accuracy: 95.05% 

Exp_No : 2 - Test accuracy : 52.49% -Current Object : 08_13 - Object No- 17
Epoch [1] -loss 0.0610 - Accuracy: 97.81% 

Exp_No : 2 - Test accuracy : 53.22% -Current Object : 09_35 - Object No- 18
Epoch [1] -loss 0.4470 - Accuracy: 93.35% 
Epoch [2] -loss 0.1015 - Accuracy: 96.45% 

Exp_No : 2 - Test accuracy : 53.50% -Current Object : 06_08 - Object No- 19
Epoch [1] -loss 0.0697 - Accuracy: 97.70% 

Exp_No : 2 - Test accuracy : 55.10% -Current Object : 11_24 - Object No- 20
Epoch [1] -loss 0.0748 - Accuracy: 96.74% 

Exp_No : 2 - Test accuracy : 53.86% -Current Object : 05_48 - Object No- 21
Epoch [1] -loss 0.0472 - Accuracy: 98.21% 

Exp_No : 2 - Test accuracy : 55.12% -Current Object : 05_29 - Object No- 22
Epoch [1] -loss 0.5266 - Accuracy: 94.57% 
Epoch [2] -loss 0.0774 - Accuracy: 97.39% 

Exp_No : 2 - Test accuracy : 58.87% -Current Object : 09_05 - Object No- 23
Epoch [1] -loss 0.0344 - Accuracy: 98.43% 

Exp_No : 2 - Test accuracy : 60.18% -Current Object : 11_34 - Object No- 24
Epoch [1] -loss 0.0372 - Accuracy: 98.32% 

Exp_No : 2 - Test accuracy : 61.86% -Current Object : 04_31 - Object No- 25
Epoch [1] -loss 0.0584 - Accuracy: 97.46% 

Exp_No : 2 - Test accuracy : 62.59% -Current Object : 02_13 - Object No- 26
Epoch [1] -loss 0.0518 - Accuracy: 97.07% 

Exp_No : 2 - Test accuracy : 59.66% -Current Object : 08_21 - Object No- 27
Epoch [1] -loss 0.0371 - Accuracy: 98.13% 

Exp_No : 2 - Test accuracy : 63.81% -Current Object : 05_44 - Object No- 28
Epoch [1] -loss 0.0318 - Accuracy: 98.60% 

Exp_No : 2 - Test accuracy : 63.76% -Current Object : 01_12 - Object No- 29
Epoch [1] -loss 0.0231 - Accuracy: 99.00% 

Exp_No : 2 - Test accuracy : 64.55% -Current Object : 02_31 - Object No- 30
Epoch [1] -loss 0.0316 - Accuracy: 98.65% 

Exp_No : 2 - Test accuracy : 63.85% -Current Object : 02_28 - Object No- 31
Epoch [1] -loss 0.0234 - Accuracy: 98.95% 

Exp_No : 2 - Test accuracy : 64.44% -Current Object : 04_26 - Object No- 32
Epoch [1] -loss 0.0515 - Accuracy: 98.00% 

Exp_No : 2 - Test accuracy : 65.65% -Current Object : 11_14 - Object No- 33
Epoch [1] -loss 0.0648 - Accuracy: 96.99% 

Exp_No : 2 - Test accuracy : 67.27% -Current Object : 01_20 - Object No- 34
Epoch [1] -loss 0.0510 - Accuracy: 97.31% 

Exp_No : 2 - Test accuracy : 69.26% -Current Object : 11_03 - Object No- 35
Epoch [1] -loss 0.0398 - Accuracy: 97.43% 

Exp_No : 2 - Test accuracy : 69.43% -Current Object : 08_11 - Object No- 36
Epoch [1] -loss 0.0641 - Accuracy: 96.83% 

Exp_No : 2 - Test accuracy : 71.10% -Current Object : 04_10 - Object No- 37
Epoch [1] -loss 0.0491 - Accuracy: 97.38% 

Exp_No : 2 - Test accuracy : 71.15% -Current Object : 04_18 - Object No- 38
Epoch [1] -loss 0.0524 - Accuracy: 97.11% 

Exp_No : 2 - Test accuracy : 70.66% -Current Object : 05_12 - Object No- 39
Epoch [1] -loss 0.0685 - Accuracy: 97.51% 

Exp_No : 2 - Test accuracy : 69.82% -Current Object : 04_22 - Object No- 40
Epoch [1] -loss 0.0429 - Accuracy: 97.79% 

Exp_No : 2 - Test accuracy : 70.79% -Current Object : 05_03 - Object No- 41
Epoch [1] -loss 0.0418 - Accuracy: 97.38% 

Exp_No : 2 - Test accuracy : 71.31% -Current Object : 05_17 - Object No- 42
Epoch [1] -loss 0.0354 - Accuracy: 97.93% 

Exp_No : 2 - Test accuracy : 71.30% -Current Object : 11_32 - Object No- 43
Epoch [1] -loss 0.0456 - Accuracy: 97.86% 

Exp_No : 2 - Test accuracy : 70.47% -Current Object : 06_35 - Object No- 44
Epoch [1] -loss 0.0319 - Accuracy: 97.69% 

Exp_No : 2 - Test accuracy : 70.65% -Current Object : 06_16 - Object No- 45
Epoch [1] -loss 0.0621 - Accuracy: 97.16% 

Exp_No : 2 - Test accuracy : 72.46% -Current Object : 05_07 - Object No- 46
Epoch [1] -loss 0.0542 - Accuracy: 97.30% 

Exp_No : 2 - Test accuracy : 74.50% -Current Object : 08_09 - Object No- 47
Epoch [1] -loss 0.0423 - Accuracy: 97.38% 

Exp_No : 2 - Test accuracy : 74.84% -Current Object : 04_49 - Object No- 48
Epoch [1] -loss 0.0426 - Accuracy: 96.93% 

Exp_No : 2 - Test accuracy : 75.82% -Current Object : 01_36 - Object No- 49
Epoch [1] -loss 0.0353 - Accuracy: 97.37% 

Exp_No : 2 - Test accuracy : 75.80% -Current Object : 08_48 - Object No- 50
Epoch [1] -loss 0.0658 - Accuracy: 96.81% 

Exp_No : 2 - Test accuracy : 76.60% -Current Object : 11_45 - Object No- 51
Epoch [1] -loss 0.0498 - Accuracy: 96.71% 

Exp_No : 2 - Test accuracy : 75.93% -Current Object : 05_50 - Object No- 52
Epoch [1] -loss 0.0498 - Accuracy: 96.88% 

Exp_No : 2 - Test accuracy : 76.91% -Current Object : 08_41 - Object No- 53
Epoch [1] -loss 0.0374 - Accuracy: 97.24% 

Exp_No : 2 - Test accuracy : 77.51% -Current Object : 11_33 - Object No- 54
Epoch [1] -loss 0.0453 - Accuracy: 96.84% 

Exp_No : 2 - Test accuracy : 77.30% -Current Object : 11_19 - Object No- 55
Epoch [1] -loss 0.0752 - Accuracy: 95.79% 

Exp_No : 2 - Test accuracy : 78.58% -Current Object : 11_27 - Object No- 56
Epoch [1] -loss 0.0630 - Accuracy: 96.18% 

Exp_No : 2 - Test accuracy : 79.13% -Current Object : 09_24 - Object No- 57
Epoch [1] -loss 0.0629 - Accuracy: 96.26% 

Exp_No : 2 - Test accuracy : 78.96% -Current Object : 01_30 - Object No- 58
Epoch [1] -loss 0.0637 - Accuracy: 96.49% 

Exp_No : 2 - Test accuracy : 80.05% -Current Object : 06_22 - Object No- 59
Epoch [1] -loss 0.0634 - Accuracy: 96.31% 

Exp_No : 2 - Test accuracy : 80.25% -Current Object : 04_12 - Object No- 60
Epoch [1] -loss 0.0489 - Accuracy: 96.42% 

Exp_No : 2 - Test accuracy : 80.27% -Current Object : 09_42 - Object No- 61
Epoch [1] -loss 0.0478 - Accuracy: 96.58% 

Exp_No : 2 - Test accuracy : 79.98% -Current Object : 09_49 - Object No- 62
Epoch [1] -loss 0.0492 - Accuracy: 96.92% 

Exp_No : 2 - Test accuracy : 79.95% -Current Object : 02_44 - Object No- 63
Epoch [1] -loss 0.0616 - Accuracy: 96.57% 

Exp_No : 2 - Test accuracy : 79.40% -Current Object : 02_14 - Object No- 64
Epoch [1] -loss 0.0536 - Accuracy: 96.36% 

Exp_No : 2 - Test accuracy : 79.95% -Current Object : 05_15 - Object No- 65
Epoch [1] -loss 0.0879 - Accuracy: 96.34% 

Exp_No : 2 - Test accuracy : 79.44% -Current Object : 05_46 - Object No- 66
Epoch [1] -loss 0.0718 - Accuracy: 95.42% 

Exp_No : 2 - Test accuracy : 80.40% -Current Object : 06_39 - Object No- 67
Epoch [1] -loss 0.0691 - Accuracy: 95.70% 

Exp_No : 2 - Test accuracy : 80.98% -Current Object : 09_15 - Object No- 68
Epoch [1] -loss 0.0762 - Accuracy: 95.55% 

Exp_No : 2 - Test accuracy : 80.61% -Current Object : 06_04 - Object No- 69
Epoch [1] -loss 0.0594 - Accuracy: 95.78% 

Exp_No : 2 - Test accuracy : 81.00% -Current Object : 08_32 - Object No- 70
Epoch [1] -loss 0.0696 - Accuracy: 95.69% 

Exp_No : 2 - Test accuracy : 81.05% -Current Object : 06_28 - Object No- 71
Epoch [1] -loss 0.0585 - Accuracy: 95.83% 

Exp_No : 2 - Test accuracy : 80.57% -Current Object : 04_42 - Object No- 72
Epoch [1] -loss 0.0716 - Accuracy: 95.89% 

Exp_No : 2 - Test accuracy : 80.41% -Current Object : 02_25 - Object No- 73
Epoch [1] -loss 0.0518 - Accuracy: 96.04% 

Exp_No : 2 - Test accuracy : 81.00% -Current Object : 09_08 - Object No- 74
Epoch [1] -loss 0.0785 - Accuracy: 95.41% 

Exp_No : 2 - Test accuracy : 81.06% -Current Object : 09_27 - Object No- 75
Epoch [1] -loss 0.0648 - Accuracy: 95.22% 

Exp_No : 2 - Test accuracy : 81.91% -Current Object : 02_10 - Object No- 76
Epoch [1] -loss 0.0709 - Accuracy: 95.27% 

Exp_No : 2 - Test accuracy : 82.08% -Current Object : 05_14 - Object No- 77
Epoch [1] -loss 0.0637 - Accuracy: 95.65% 

Exp_No : 2 - Test accuracy : 82.16% -Current Object : 05_18 - Object No- 78
Epoch [1] -loss 0.0633 - Accuracy: 95.78% 

Exp_No : 2 - Test accuracy : 81.98% -Current Object : 01_14 - Object No- 79
Epoch [1] -loss 0.0587 - Accuracy: 95.85% 

Exp_No : 2 - Test accuracy : 82.36% -Current Object : 09_36 - Object No- 80
Epoch [1] -loss 0.0608 - Accuracy: 95.88% 

Exp_No : 2 - Test accuracy : 82.44% -Current Object : 11_21 - Object No- 81
Epoch [1] -loss 0.0811 - Accuracy: 95.20% 

Exp_No : 2 - Test accuracy : 82.70% -Current Object : 04_01 - Object No- 82
Epoch [1] -loss 0.0742 - Accuracy: 95.12% 

Exp_No : 2 - Test accuracy : 83.53% -Current Object : 05_36 - Object No- 83
Epoch [1] -loss 0.0911 - Accuracy: 95.31% 

Exp_No : 2 - Test accuracy : 83.35% -Current Object : 04_20 - Object No- 84
Epoch [1] -loss 0.0779 - Accuracy: 95.45% 

Exp_No : 2 - Test accuracy : 83.55% -Current Object : 05_33 - Object No- 85
Epoch [1] -loss 0.0673 - Accuracy: 95.32% 

Exp_No : 2 - Test accuracy : 83.27% -Current Object : 02_16 - Object No- 86
Epoch [1] -loss 0.0717 - Accuracy: 95.29% 

Exp_No : 2 - Test accuracy : 83.37% -Current Object : 04_39 - Object No- 87
Epoch [1] -loss 0.0723 - Accuracy: 95.41% 

Exp_No : 2 - Test accuracy : 83.50% -Current Object : 08_16 - Object No- 88
Epoch [1] -loss 0.0809 - Accuracy: 95.48% 

Exp_No : 2 - Test accuracy : 82.92% -Current Object : 09_33 - Object No- 89
Epoch [1] -loss 0.0961 - Accuracy: 95.16% 

Exp_No : 2 - Test accuracy : 83.35% -Current Object : 06_29 - Object No- 90
Epoch [1] -loss 0.0630 - Accuracy: 95.31% 

Exp_No : 2 - Test accuracy : 84.09% -Current Object : 04_29 - Object No- 91
Epoch [1] -loss 0.0607 - Accuracy: 95.30% 

Exp_No : 2 - Test accuracy : 83.44% -Current Object : 04_35 - Object No- 92
Epoch [1] -loss 0.0677 - Accuracy: 95.53% 

Exp_No : 2 - Test accuracy : 83.11% -Current Object : 08_35 - Object No- 93
Epoch [1] -loss 0.0974 - Accuracy: 95.09% 

Exp_No : 2 - Test accuracy : 83.51% -Current Object : 06_49 - Object No- 94
Epoch [1] -loss 0.0916 - Accuracy: 95.26% 

Exp_No : 2 - Test accuracy : 83.63% -Current Object : 02_45 - Object No- 95
Epoch [1] -loss 0.0795 - Accuracy: 95.17% 

Exp_No : 2 - Test accuracy : 82.93% -Current Object : 06_14 - Object No- 96
Epoch [1] -loss 0.0563 - Accuracy: 95.30% 

Exp_No : 2 - Test accuracy : 83.66% -Current Object : 02_34 - Object No- 97
Epoch [1] -loss 0.0767 - Accuracy: 95.39% 

Exp_No : 2 - Test accuracy : 83.44% -Current Object : 04_50 - Object No- 98
Epoch [1] -loss 0.0807 - Accuracy: 94.96% 
Epoch [2] -loss 0.0862 - Accuracy: 95.29% 

Exp_No : 2 - Test accuracy : 83.70% -Current Object : 01_01 - Object No- 99
Epoch [1] -loss 0.0845 - Accuracy: 95.20% 

Exp_No : 2 - Test accuracy : 83.78% -Current Object : 06_27 - Object No- 100
Epoch [1] -loss 0.5113 - Accuracy: 32.67% 
Epoch [2] -loss 0.2316 - Accuracy: 99.67% 

Exp_No : 3 - Test accuracy : 10.00% -Current Object : 05_23 - Object No- 1
Epoch [1] -loss 0.4322 - Accuracy: 50.33% 
Epoch [2] -loss 0.1807 - Accuracy: 84.17% 
Epoch [3] -loss 0.1105 - Accuracy: 99.00% 

Exp_No : 3 - Test accuracy : 12.27% -Current Object : 06_12 - Object No- 2
Epoch [1] -loss 0.6321 - Accuracy: 66.56% 
Epoch [2] -loss 0.2863 - Accuracy: 70.33% 
Epoch [3] -loss 0.1684 - Accuracy: 91.33% 
Epoch [4] -loss 0.1267 - Accuracy: 98.56% 

Exp_No : 3 - Test accuracy : 16.63% -Current Object : 08_28 - Object No- 3
Epoch [1] -loss 0.6504 - Accuracy: 74.48% 
Epoch [2] -loss 0.2296 - Accuracy: 85.99% 
Epoch [3] -loss 0.1331 - Accuracy: 99.00% 

Exp_No : 3 - Test accuracy : 20.38% -Current Object : 11_47 - Object No- 4
Epoch [1] -loss 0.7899 - Accuracy: 79.92% 
Epoch [2] -loss 0.2784 - Accuracy: 86.52% 
Epoch [3] -loss 0.1146 - Accuracy: 99.13% 

Exp_No : 3 - Test accuracy : 24.29% -Current Object : 02_39 - Object No- 5
Epoch [1] -loss 0.1232 - Accuracy: 97.17% 

Exp_No : 3 - Test accuracy : 25.82% -Current Object : 01_26 - Object No- 6
Epoch [1] -loss 0.1648 - Accuracy: 93.33% 
Epoch [2] -loss 0.0840 - Accuracy: 98.48% 

Exp_No : 3 - Test accuracy : 27.13% -Current Object : 02_50 - Object No- 7
Epoch [1] -loss 0.0775 - Accuracy: 98.50% 

Exp_No : 3 - Test accuracy : 27.49% -Current Object : 05_28 - Object No- 8
Epoch [1] -loss 0.0441 - Accuracy: 99.30% 

Exp_No : 3 - Test accuracy : 27.93% -Current Object : 04_28 - Object No- 9
Epoch [1] -loss 0.7728 - Accuracy: 89.66% 
Epoch [2] -loss 0.2978 - Accuracy: 91.70% 
Epoch [3] -loss 0.0591 - Accuracy: 99.40% 

Exp_No : 3 - Test accuracy : 30.11% -Current Object : 01_33 - Object No- 10
Epoch [1] -loss 0.1194 - Accuracy: 94.30% 
Epoch [2] -loss 0.0654 - Accuracy: 98.36% 

Exp_No : 3 - Test accuracy : 35.36% -Current Object : 05_34 - Object No- 11
Epoch [1] -loss 0.1110 - Accuracy: 94.64% 
Epoch [2] -loss 0.0548 - Accuracy: 96.86% 

Exp_No : 3 - Test accuracy : 40.34% -Current Object : 11_40 - Object No- 12
Epoch [1] -loss 0.5124 - Accuracy: 90.68% 
Epoch [2] -loss 0.2174 - Accuracy: 93.89% 
Epoch [3] -loss 0.0484 - Accuracy: 98.69% 

Exp_No : 3 - Test accuracy : 42.48% -Current Object : 06_45 - Object No- 13
Epoch [1] -loss 0.0595 - Accuracy: 98.24% 

Exp_No : 3 - Test accuracy : 44.58% -Current Object : 01_43 - Object No- 14
Epoch [1] -loss 0.6274 - Accuracy: 92.55% 
Epoch [2] -loss 0.1511 - Accuracy: 95.84% 

Exp_No : 3 - Test accuracy : 48.14% -Current Object : 08_18 - Object No- 15
Epoch [1] -loss 0.0459 - Accuracy: 99.27% 

Exp_No : 3 - Test accuracy : 48.67% -Current Object : 11_35 - Object No- 16
Epoch [1] -loss 0.1414 - Accuracy: 95.47% 

Exp_No : 3 - Test accuracy : 52.44% -Current Object : 08_13 - Object No- 17
Epoch [1] -loss 0.0495 - Accuracy: 97.81% 

Exp_No : 3 - Test accuracy : 53.15% -Current Object : 09_35 - Object No- 18
Epoch [1] -loss 0.4048 - Accuracy: 93.33% 
Epoch [2] -loss 0.0819 - Accuracy: 96.47% 

Exp_No : 3 - Test accuracy : 53.16% -Current Object : 06_08 - Object No- 19
Epoch [1] -loss 0.0795 - Accuracy: 97.60% 

Exp_No : 3 - Test accuracy : 55.85% -Current Object : 11_24 - Object No- 20
Epoch [1] -loss 0.0968 - Accuracy: 96.46% 

Exp_No : 3 - Test accuracy : 53.67% -Current Object : 05_48 - Object No- 21
Epoch [1] -loss 0.0362 - Accuracy: 98.07% 

Exp_No : 3 - Test accuracy : 55.25% -Current Object : 05_29 - Object No- 22
Epoch [1] -loss 0.4340 - Accuracy: 94.50% 
Epoch [2] -loss 0.1063 - Accuracy: 97.55% 

Exp_No : 3 - Test accuracy : 60.05% -Current Object : 09_05 - Object No- 23
Epoch [1] -loss 0.0369 - Accuracy: 98.57% 

Exp_No : 3 - Test accuracy : 62.45% -Current Object : 11_34 - Object No- 24
Epoch [1] -loss 0.0476 - Accuracy: 98.16% 

Exp_No : 3 - Test accuracy : 62.23% -Current Object : 04_31 - Object No- 25
Epoch [1] -loss 0.0578 - Accuracy: 97.46% 

Exp_No : 3 - Test accuracy : 63.51% -Current Object : 02_13 - Object No- 26
Epoch [1] -loss 0.0607 - Accuracy: 97.07% 

Exp_No : 3 - Test accuracy : 62.42% -Current Object : 08_21 - Object No- 27
Epoch [1] -loss 0.0424 - Accuracy: 98.09% 

Exp_No : 3 - Test accuracy : 64.60% -Current Object : 05_44 - Object No- 28
Epoch [1] -loss 0.0452 - Accuracy: 98.50% 

Exp_No : 3 - Test accuracy : 64.30% -Current Object : 01_12 - Object No- 29
Epoch [1] -loss 0.0241 - Accuracy: 99.07% 

Exp_No : 3 - Test accuracy : 65.04% -Current Object : 02_31 - Object No- 30
Epoch [1] -loss 0.0249 - Accuracy: 98.74% 

Exp_No : 3 - Test accuracy : 64.68% -Current Object : 02_28 - Object No- 31
Epoch [1] -loss 0.0232 - Accuracy: 99.02% 

Exp_No : 3 - Test accuracy : 66.13% -Current Object : 04_26 - Object No- 32
Epoch [1] -loss 0.0583 - Accuracy: 98.04% 

Exp_No : 3 - Test accuracy : 66.61% -Current Object : 11_14 - Object No- 33
Epoch [1] -loss 0.0717 - Accuracy: 97.22% 

Exp_No : 3 - Test accuracy : 68.66% -Current Object : 01_20 - Object No- 34
Epoch [1] -loss 0.0502 - Accuracy: 97.33% 

Exp_No : 3 - Test accuracy : 70.02% -Current Object : 11_03 - Object No- 35
Epoch [1] -loss 0.0379 - Accuracy: 97.49% 

Exp_No : 3 - Test accuracy : 69.10% -Current Object : 08_11 - Object No- 36
Epoch [1] -loss 0.0893 - Accuracy: 96.75% 

Exp_No : 3 - Test accuracy : 71.10% -Current Object : 04_10 - Object No- 37
Epoch [1] -loss 0.0447 - Accuracy: 97.52% 

Exp_No : 3 - Test accuracy : 71.40% -Current Object : 04_18 - Object No- 38
Epoch [1] -loss 0.0415 - Accuracy: 97.04% 

Exp_No : 3 - Test accuracy : 71.32% -Current Object : 05_12 - Object No- 39
Epoch [1] -loss 0.0678 - Accuracy: 97.38% 

Exp_No : 3 - Test accuracy : 70.20% -Current Object : 04_22 - Object No- 40
Epoch [1] -loss 0.0355 - Accuracy: 97.79% 

Exp_No : 3 - Test accuracy : 70.69% -Current Object : 05_03 - Object No- 41
Epoch [1] -loss 0.0436 - Accuracy: 97.38% 

Exp_No : 3 - Test accuracy : 71.72% -Current Object : 05_17 - Object No- 42
Epoch [1] -loss 0.0363 - Accuracy: 97.95% 

Exp_No : 3 - Test accuracy : 71.92% -Current Object : 11_32 - Object No- 43
Epoch [1] -loss 0.0380 - Accuracy: 97.81% 

Exp_No : 3 - Test accuracy : 70.53% -Current Object : 06_35 - Object No- 44
Epoch [1] -loss 0.0458 - Accuracy: 97.56% 

Exp_No : 3 - Test accuracy : 70.91% -Current Object : 06_16 - Object No- 45
Epoch [1] -loss 0.0667 - Accuracy: 97.22% 

Exp_No : 3 - Test accuracy : 73.74% -Current Object : 05_07 - Object No- 46
Epoch [1] -loss 0.0442 - Accuracy: 97.34% 

Exp_No : 3 - Test accuracy : 75.02% -Current Object : 08_09 - Object No- 47
Epoch [1] -loss 0.0460 - Accuracy: 97.33% 

Exp_No : 3 - Test accuracy : 75.05% -Current Object : 04_49 - Object No- 48
Epoch [1] -loss 0.0648 - Accuracy: 96.94% 

Exp_No : 3 - Test accuracy : 76.78% -Current Object : 01_36 - Object No- 49
Epoch [1] -loss 0.0432 - Accuracy: 97.36% 

Exp_No : 3 - Test accuracy : 75.73% -Current Object : 08_48 - Object No- 50
Epoch [1] -loss 0.0529 - Accuracy: 96.74% 

Exp_No : 3 - Test accuracy : 76.59% -Current Object : 11_45 - Object No- 51
Epoch [1] -loss 0.0462 - Accuracy: 96.67% 

Exp_No : 3 - Test accuracy : 76.71% -Current Object : 05_50 - Object No- 52
Epoch [1] -loss 0.0514 - Accuracy: 96.83% 

Exp_No : 3 - Test accuracy : 77.47% -Current Object : 08_41 - Object No- 53
Epoch [1] -loss 0.0398 - Accuracy: 97.24% 

Exp_No : 3 - Test accuracy : 77.35% -Current Object : 11_33 - Object No- 54
Epoch [1] -loss 0.0475 - Accuracy: 96.95% 

Exp_No : 3 - Test accuracy : 78.15% -Current Object : 11_19 - Object No- 55
Epoch [1] -loss 0.0558 - Accuracy: 95.79% 

Exp_No : 3 - Test accuracy : 78.90% -Current Object : 11_27 - Object No- 56
Epoch [1] -loss 0.0426 - Accuracy: 96.21% 

Exp_No : 3 - Test accuracy : 79.00% -Current Object : 09_24 - Object No- 57
Epoch [1] -loss 0.0429 - Accuracy: 96.25% 

Exp_No : 3 - Test accuracy : 79.53% -Current Object : 01_30 - Object No- 58
Epoch [1] -loss 0.0464 - Accuracy: 96.48% 

Exp_No : 3 - Test accuracy : 80.05% -Current Object : 06_22 - Object No- 59
Epoch [1] -loss 0.0554 - Accuracy: 96.35% 

Exp_No : 3 - Test accuracy : 80.22% -Current Object : 04_12 - Object No- 60
Epoch [1] -loss 0.0839 - Accuracy: 96.51% 

Exp_No : 3 - Test accuracy : 80.32% -Current Object : 09_42 - Object No- 61
Epoch [1] -loss 0.0640 - Accuracy: 96.47% 

Exp_No : 3 - Test accuracy : 79.76% -Current Object : 09_49 - Object No- 62
Epoch [1] -loss 0.0552 - Accuracy: 96.90% 

Exp_No : 3 - Test accuracy : 80.29% -Current Object : 02_44 - Object No- 63
Epoch [1] -loss 0.0603 - Accuracy: 96.49% 

Exp_No : 3 - Test accuracy : 79.49% -Current Object : 02_14 - Object No- 64
Epoch [1] -loss 0.0584 - Accuracy: 96.35% 

Exp_No : 3 - Test accuracy : 80.05% -Current Object : 05_15 - Object No- 65
Epoch [1] -loss 0.0603 - Accuracy: 96.31% 

Exp_No : 3 - Test accuracy : 80.21% -Current Object : 05_46 - Object No- 66
Epoch [1] -loss 0.0791 - Accuracy: 95.26% 

Exp_No : 3 - Test accuracy : 80.34% -Current Object : 06_39 - Object No- 67
Epoch [1] -loss 0.0667 - Accuracy: 95.61% 

Exp_No : 3 - Test accuracy : 80.03% -Current Object : 09_15 - Object No- 68
Epoch [1] -loss 0.1059 - Accuracy: 95.54% 

Exp_No : 3 - Test accuracy : 81.09% -Current Object : 06_04 - Object No- 69
Epoch [1] -loss 0.0764 - Accuracy: 95.79% 

Exp_No : 3 - Test accuracy : 80.52% -Current Object : 08_32 - Object No- 70
Epoch [1] -loss 0.0716 - Accuracy: 95.72% 

Exp_No : 3 - Test accuracy : 80.93% -Current Object : 06_28 - Object No- 71
Epoch [1] -loss 0.0538 - Accuracy: 95.68% 

Exp_No : 3 - Test accuracy : 80.88% -Current Object : 04_42 - Object No- 72
Epoch [1] -loss 0.0502 - Accuracy: 95.89% 

Exp_No : 3 - Test accuracy : 80.98% -Current Object : 02_25 - Object No- 73
Epoch [1] -loss 0.0587 - Accuracy: 96.11% 

Exp_No : 3 - Test accuracy : 80.78% -Current Object : 09_08 - Object No- 74
Epoch [1] -loss 0.0759 - Accuracy: 95.45% 

Exp_No : 3 - Test accuracy : 81.01% -Current Object : 09_27 - Object No- 75
Epoch [1] -loss 0.0765 - Accuracy: 95.07% 

Exp_No : 3 - Test accuracy : 81.82% -Current Object : 02_10 - Object No- 76
Epoch [1] -loss 0.0637 - Accuracy: 95.25% 

Exp_No : 3 - Test accuracy : 82.30% -Current Object : 05_14 - Object No- 77
Epoch [1] -loss 0.0753 - Accuracy: 95.60% 

Exp_No : 3 - Test accuracy : 81.85% -Current Object : 05_18 - Object No- 78
Epoch [1] -loss 0.0499 - Accuracy: 95.76% 

Exp_No : 3 - Test accuracy : 81.77% -Current Object : 01_14 - Object No- 79
Epoch [1] -loss 0.0611 - Accuracy: 95.83% 

Exp_No : 3 - Test accuracy : 82.47% -Current Object : 09_36 - Object No- 80
Epoch [1] -loss 0.0581 - Accuracy: 95.84% 

Exp_No : 3 - Test accuracy : 81.92% -Current Object : 11_21 - Object No- 81
Epoch [1] -loss 0.0933 - Accuracy: 95.11% 

Exp_No : 3 - Test accuracy : 82.92% -Current Object : 04_01 - Object No- 82
Epoch [1] -loss 0.0739 - Accuracy: 95.17% 

Exp_No : 3 - Test accuracy : 82.71% -Current Object : 05_36 - Object No- 83
Epoch [1] -loss 0.0616 - Accuracy: 95.32% 

Exp_No : 3 - Test accuracy : 82.58% -Current Object : 04_20 - Object No- 84
Epoch [1] -loss 0.0717 - Accuracy: 95.39% 

Exp_No : 3 - Test accuracy : 83.31% -Current Object : 05_33 - Object No- 85
Epoch [1] -loss 0.0734 - Accuracy: 95.27% 

Exp_No : 3 - Test accuracy : 83.06% -Current Object : 02_16 - Object No- 86
Epoch [1] -loss 0.0980 - Accuracy: 95.27% 

Exp_No : 3 - Test accuracy : 83.21% -Current Object : 04_39 - Object No- 87
Epoch [1] -loss 0.0948 - Accuracy: 95.43% 

Exp_No : 3 - Test accuracy : 83.60% -Current Object : 08_16 - Object No- 88
Epoch [1] -loss 0.0589 - Accuracy: 95.49% 

Exp_No : 3 - Test accuracy : 83.33% -Current Object : 09_33 - Object No- 89
Epoch [1] -loss 0.0913 - Accuracy: 95.31% 

Exp_No : 3 - Test accuracy : 83.37% -Current Object : 06_29 - Object No- 90
Epoch [1] -loss 0.0685 - Accuracy: 95.25% 

Exp_No : 3 - Test accuracy : 83.62% -Current Object : 04_29 - Object No- 91
Epoch [1] -loss 0.0931 - Accuracy: 95.34% 

Exp_No : 3 - Test accuracy : 83.70% -Current Object : 04_35 - Object No- 92
Epoch [1] -loss 0.0836 - Accuracy: 95.48% 

Exp_No : 3 - Test accuracy : 83.89% -Current Object : 08_35 - Object No- 93
Epoch [1] -loss 0.0774 - Accuracy: 95.11% 

Exp_No : 3 - Test accuracy : 83.69% -Current Object : 06_49 - Object No- 94
Epoch [1] -loss 0.0796 - Accuracy: 95.23% 

Exp_No : 3 - Test accuracy : 83.19% -Current Object : 02_45 - Object No- 95
Epoch [1] -loss 0.0572 - Accuracy: 95.16% 

Exp_No : 3 - Test accuracy : 83.62% -Current Object : 06_14 - Object No- 96
Epoch [1] -loss 0.0733 - Accuracy: 95.26% 

Exp_No : 3 - Test accuracy : 83.37% -Current Object : 02_34 - Object No- 97
Epoch [1] -loss 0.0721 - Accuracy: 95.28% 

Exp_No : 3 - Test accuracy : 83.65% -Current Object : 04_50 - Object No- 98
Epoch [1] -loss 0.0933 - Accuracy: 95.01% 

Exp_No : 3 - Test accuracy : 83.75% -Current Object : 01_01 - Object No- 99
Epoch [1] -loss 0.0862 - Accuracy: 95.12% 

Exp_No : 3 - Test accuracy : 83.77% -Current Object : 06_27 - Object No- 100
Epoch [1] -loss 0.5113 - Accuracy: 32.67% 
Epoch [2] -loss 0.2316 - Accuracy: 99.67% 

Exp_No : 4 - Test accuracy : 10.00% -Current Object : 05_23 - Object No- 1
Epoch [1] -loss 0.4322 - Accuracy: 50.33% 
Epoch [2] -loss 0.1807 - Accuracy: 84.17% 
Epoch [3] -loss 0.1105 - Accuracy: 99.00% 

Exp_No : 4 - Test accuracy : 12.27% -Current Object : 06_12 - Object No- 2
Epoch [1] -loss 0.6321 - Accuracy: 66.56% 
Epoch [2] -loss 0.2863 - Accuracy: 70.33% 
Epoch [3] -loss 0.1684 - Accuracy: 91.33% 
Epoch [4] -loss 0.1267 - Accuracy: 98.56% 

Exp_No : 4 - Test accuracy : 16.63% -Current Object : 08_28 - Object No- 3
Epoch [1] -loss 0.6504 - Accuracy: 74.48% 
Epoch [2] -loss 0.2296 - Accuracy: 85.99% 
Epoch [3] -loss 0.1331 - Accuracy: 99.00% 

Exp_No : 4 - Test accuracy : 20.38% -Current Object : 11_47 - Object No- 4
Epoch [1] -loss 0.7899 - Accuracy: 79.92% 
Epoch [2] -loss 0.2784 - Accuracy: 86.52% 
Epoch [3] -loss 0.1146 - Accuracy: 99.13% 

Exp_No : 4 - Test accuracy : 24.29% -Current Object : 02_39 - Object No- 5
Epoch [1] -loss 0.1232 - Accuracy: 97.17% 

Exp_No : 4 - Test accuracy : 25.82% -Current Object : 01_26 - Object No- 6
Epoch [1] -loss 0.1648 - Accuracy: 93.33% 
Epoch [2] -loss 0.0840 - Accuracy: 98.48% 

Exp_No : 4 - Test accuracy : 27.13% -Current Object : 02_50 - Object No- 7
Epoch [1] -loss 0.0775 - Accuracy: 98.50% 

Exp_No : 4 - Test accuracy : 27.49% -Current Object : 05_28 - Object No- 8
Epoch [1] -loss 0.0441 - Accuracy: 99.30% 

Exp_No : 4 - Test accuracy : 27.93% -Current Object : 04_28 - Object No- 9
Epoch [1] -loss 0.7728 - Accuracy: 89.66% 
Epoch [2] -loss 0.2978 - Accuracy: 91.70% 
Epoch [3] -loss 0.0591 - Accuracy: 99.40% 

Exp_No : 4 - Test accuracy : 30.11% -Current Object : 01_33 - Object No- 10
Epoch [1] -loss 0.1194 - Accuracy: 94.30% 
Epoch [2] -loss 0.0654 - Accuracy: 98.36% 

Exp_No : 4 - Test accuracy : 35.36% -Current Object : 05_34 - Object No- 11
Epoch [1] -loss 0.1110 - Accuracy: 94.64% 
Epoch [2] -loss 0.0548 - Accuracy: 96.86% 

Exp_No : 4 - Test accuracy : 40.34% -Current Object : 11_40 - Object No- 12
Epoch [1] -loss 0.5124 - Accuracy: 90.68% 
Epoch [2] -loss 0.2174 - Accuracy: 93.89% 
Epoch [3] -loss 0.0484 - Accuracy: 98.69% 

Exp_No : 4 - Test accuracy : 42.48% -Current Object : 06_45 - Object No- 13
Epoch [1] -loss 0.0595 - Accuracy: 98.24% 

Exp_No : 4 - Test accuracy : 44.58% -Current Object : 01_43 - Object No- 14
Epoch [1] -loss 0.6274 - Accuracy: 92.55% 
Epoch [2] -loss 0.1511 - Accuracy: 95.84% 

Exp_No : 4 - Test accuracy : 48.14% -Current Object : 08_18 - Object No- 15
Epoch [1] -loss 0.0459 - Accuracy: 99.27% 

Exp_No : 4 - Test accuracy : 48.67% -Current Object : 11_35 - Object No- 16
Epoch [1] -loss 0.1414 - Accuracy: 95.47% 

Exp_No : 4 - Test accuracy : 52.44% -Current Object : 08_13 - Object No- 17
Epoch [1] -loss 0.0495 - Accuracy: 97.81% 

Exp_No : 4 - Test accuracy : 53.15% -Current Object : 09_35 - Object No- 18
Epoch [1] -loss 0.4048 - Accuracy: 93.33% 
Epoch [2] -loss 0.0819 - Accuracy: 96.47% 

Exp_No : 4 - Test accuracy : 53.16% -Current Object : 06_08 - Object No- 19
Epoch [1] -loss 0.0795 - Accuracy: 97.60% 

Exp_No : 4 - Test accuracy : 55.85% -Current Object : 11_24 - Object No- 20
Epoch [1] -loss 0.0968 - Accuracy: 96.46% 

Exp_No : 4 - Test accuracy : 53.67% -Current Object : 05_48 - Object No- 21
Epoch [1] -loss 0.0362 - Accuracy: 98.07% 

Exp_No : 4 - Test accuracy : 55.25% -Current Object : 05_29 - Object No- 22
Epoch [1] -loss 0.4340 - Accuracy: 94.50% 
Epoch [2] -loss 0.1063 - Accuracy: 97.55% 

Exp_No : 4 - Test accuracy : 60.05% -Current Object : 09_05 - Object No- 23
Epoch [1] -loss 0.0369 - Accuracy: 98.57% 

Exp_No : 4 - Test accuracy : 62.45% -Current Object : 11_34 - Object No- 24
Epoch [1] -loss 0.0476 - Accuracy: 98.16% 

Exp_No : 4 - Test accuracy : 62.23% -Current Object : 04_31 - Object No- 25
Epoch [1] -loss 0.0578 - Accuracy: 97.46% 

Exp_No : 4 - Test accuracy : 63.51% -Current Object : 02_13 - Object No- 26
Epoch [1] -loss 0.0607 - Accuracy: 97.07% 

Exp_No : 4 - Test accuracy : 62.42% -Current Object : 08_21 - Object No- 27
Epoch [1] -loss 0.0424 - Accuracy: 98.09% 

Exp_No : 4 - Test accuracy : 64.60% -Current Object : 05_44 - Object No- 28
Epoch [1] -loss 0.0452 - Accuracy: 98.50% 

Exp_No : 4 - Test accuracy : 64.30% -Current Object : 01_12 - Object No- 29
Epoch [1] -loss 0.0241 - Accuracy: 99.07% 

Exp_No : 4 - Test accuracy : 65.04% -Current Object : 02_31 - Object No- 30
Epoch [1] -loss 0.0249 - Accuracy: 98.74% 

Exp_No : 4 - Test accuracy : 64.68% -Current Object : 02_28 - Object No- 31
Epoch [1] -loss 0.0232 - Accuracy: 99.02% 

Exp_No : 4 - Test accuracy : 66.13% -Current Object : 04_26 - Object No- 32
Epoch [1] -loss 0.0583 - Accuracy: 98.04% 

Exp_No : 4 - Test accuracy : 66.61% -Current Object : 11_14 - Object No- 33
Epoch [1] -loss 0.0717 - Accuracy: 97.22% 

Exp_No : 4 - Test accuracy : 68.66% -Current Object : 01_20 - Object No- 34
Epoch [1] -loss 0.0502 - Accuracy: 97.33% 

Exp_No : 4 - Test accuracy : 70.02% -Current Object : 11_03 - Object No- 35
Epoch [1] -loss 0.0379 - Accuracy: 97.49% 

Exp_No : 4 - Test accuracy : 69.10% -Current Object : 08_11 - Object No- 36
Epoch [1] -loss 0.0893 - Accuracy: 96.75% 

Exp_No : 4 - Test accuracy : 71.10% -Current Object : 04_10 - Object No- 37
Epoch [1] -loss 0.0447 - Accuracy: 97.52% 

Exp_No : 4 - Test accuracy : 71.40% -Current Object : 04_18 - Object No- 38
Epoch [1] -loss 0.0415 - Accuracy: 97.04% 

Exp_No : 4 - Test accuracy : 71.32% -Current Object : 05_12 - Object No- 39
Epoch [1] -loss 0.0678 - Accuracy: 97.38% 

Exp_No : 4 - Test accuracy : 70.20% -Current Object : 04_22 - Object No- 40
Epoch [1] -loss 0.0355 - Accuracy: 97.79% 

Exp_No : 4 - Test accuracy : 70.69% -Current Object : 05_03 - Object No- 41
Epoch [1] -loss 0.0436 - Accuracy: 97.38% 

Exp_No : 4 - Test accuracy : 71.72% -Current Object : 05_17 - Object No- 42
Epoch [1] -loss 0.0363 - Accuracy: 97.95% 

Exp_No : 4 - Test accuracy : 71.92% -Current Object : 11_32 - Object No- 43
Epoch [1] -loss 0.0380 - Accuracy: 97.81% 

Exp_No : 4 - Test accuracy : 70.53% -Current Object : 06_35 - Object No- 44
Epoch [1] -loss 0.0458 - Accuracy: 97.56% 

Exp_No : 4 - Test accuracy : 70.91% -Current Object : 06_16 - Object No- 45
Epoch [1] -loss 0.0667 - Accuracy: 97.22% 

Exp_No : 4 - Test accuracy : 73.74% -Current Object : 05_07 - Object No- 46
Epoch [1] -loss 0.0442 - Accuracy: 97.34% 

Exp_No : 4 - Test accuracy : 75.02% -Current Object : 08_09 - Object No- 47
Epoch [1] -loss 0.0460 - Accuracy: 97.33% 

Exp_No : 4 - Test accuracy : 75.05% -Current Object : 04_49 - Object No- 48
Epoch [1] -loss 0.0648 - Accuracy: 96.94% 

Exp_No : 4 - Test accuracy : 76.78% -Current Object : 01_36 - Object No- 49
Epoch [1] -loss 0.0432 - Accuracy: 97.36% 

Exp_No : 4 - Test accuracy : 75.73% -Current Object : 08_48 - Object No- 50
Epoch [1] -loss 0.0529 - Accuracy: 96.74% 

Exp_No : 4 - Test accuracy : 76.59% -Current Object : 11_45 - Object No- 51
Epoch [1] -loss 0.0462 - Accuracy: 96.67% 

Exp_No : 4 - Test accuracy : 76.71% -Current Object : 05_50 - Object No- 52
Epoch [1] -loss 0.0514 - Accuracy: 96.83% 

Exp_No : 4 - Test accuracy : 77.47% -Current Object : 08_41 - Object No- 53
Epoch [1] -loss 0.0398 - Accuracy: 97.24% 

Exp_No : 4 - Test accuracy : 77.35% -Current Object : 11_33 - Object No- 54
Epoch [1] -loss 0.0475 - Accuracy: 96.95% 

Exp_No : 4 - Test accuracy : 78.15% -Current Object : 11_19 - Object No- 55
Epoch [1] -loss 0.0558 - Accuracy: 95.79% 

Exp_No : 4 - Test accuracy : 78.90% -Current Object : 11_27 - Object No- 56
Epoch [1] -loss 0.0426 - Accuracy: 96.21% 

Exp_No : 4 - Test accuracy : 79.00% -Current Object : 09_24 - Object No- 57
Epoch [1] -loss 0.0429 - Accuracy: 96.25% 

Exp_No : 4 - Test accuracy : 79.53% -Current Object : 01_30 - Object No- 58
Epoch [1] -loss 0.0464 - Accuracy: 96.48% 

Exp_No : 4 - Test accuracy : 80.05% -Current Object : 06_22 - Object No- 59
Epoch [1] -loss 0.0554 - Accuracy: 96.35% 

Exp_No : 4 - Test accuracy : 80.22% -Current Object : 04_12 - Object No- 60
Epoch [1] -loss 0.0839 - Accuracy: 96.51% 

Exp_No : 4 - Test accuracy : 80.32% -Current Object : 09_42 - Object No- 61
Epoch [1] -loss 0.0640 - Accuracy: 96.47% 

Exp_No : 4 - Test accuracy : 79.75% -Current Object : 09_49 - Object No- 62
Epoch [1] -loss 0.0552 - Accuracy: 96.90% 

Exp_No : 4 - Test accuracy : 80.29% -Current Object : 02_44 - Object No- 63
Epoch [1] -loss 0.0603 - Accuracy: 96.49% 

Exp_No : 4 - Test accuracy : 79.49% -Current Object : 02_14 - Object No- 64
Epoch [1] -loss 0.0584 - Accuracy: 96.35% 

Exp_No : 4 - Test accuracy : 80.05% -Current Object : 05_15 - Object No- 65
Epoch [1] -loss 0.0603 - Accuracy: 96.31% 

Exp_No : 4 - Test accuracy : 80.21% -Current Object : 05_46 - Object No- 66
Epoch [1] -loss 0.0791 - Accuracy: 95.26% 

Exp_No : 4 - Test accuracy : 80.34% -Current Object : 06_39 - Object No- 67
Epoch [1] -loss 0.0667 - Accuracy: 95.61% 

Exp_No : 4 - Test accuracy : 80.03% -Current Object : 09_15 - Object No- 68
Epoch [1] -loss 0.1059 - Accuracy: 95.54% 

Exp_No : 4 - Test accuracy : 81.09% -Current Object : 06_04 - Object No- 69
Epoch [1] -loss 0.0764 - Accuracy: 95.79% 

Exp_No : 4 - Test accuracy : 80.52% -Current Object : 08_32 - Object No- 70
Epoch [1] -loss 0.0716 - Accuracy: 95.72% 

Exp_No : 4 - Test accuracy : 80.93% -Current Object : 06_28 - Object No- 71
Epoch [1] -loss 0.0538 - Accuracy: 95.68% 

Exp_No : 4 - Test accuracy : 80.88% -Current Object : 04_42 - Object No- 72
Epoch [1] -loss 0.0502 - Accuracy: 95.89% 

Exp_No : 4 - Test accuracy : 80.98% -Current Object : 02_25 - Object No- 73
Epoch [1] -loss 0.0587 - Accuracy: 96.11% 

Exp_No : 4 - Test accuracy : 80.78% -Current Object : 09_08 - Object No- 74
Epoch [1] -loss 0.0759 - Accuracy: 95.45% 

Exp_No : 4 - Test accuracy : 81.01% -Current Object : 09_27 - Object No- 75
Epoch [1] -loss 0.0765 - Accuracy: 95.07% 

Exp_No : 4 - Test accuracy : 81.82% -Current Object : 02_10 - Object No- 76
Epoch [1] -loss 0.0637 - Accuracy: 95.25% 

Exp_No : 4 - Test accuracy : 82.30% -Current Object : 05_14 - Object No- 77
Epoch [1] -loss 0.0753 - Accuracy: 95.60% 

Exp_No : 4 - Test accuracy : 81.85% -Current Object : 05_18 - Object No- 78
Epoch [1] -loss 0.0499 - Accuracy: 95.76% 

Exp_No : 4 - Test accuracy : 81.77% -Current Object : 01_14 - Object No- 79
Epoch [1] -loss 0.0611 - Accuracy: 95.83% 

Exp_No : 4 - Test accuracy : 82.47% -Current Object : 09_36 - Object No- 80
Epoch [1] -loss 0.0581 - Accuracy: 95.84% 

Exp_No : 4 - Test accuracy : 81.92% -Current Object : 11_21 - Object No- 81
Epoch [1] -loss 0.0933 - Accuracy: 95.11% 

Exp_No : 4 - Test accuracy : 82.92% -Current Object : 04_01 - Object No- 82
Epoch [1] -loss 0.0739 - Accuracy: 95.17% 

Exp_No : 4 - Test accuracy : 82.71% -Current Object : 05_36 - Object No- 83
Epoch [1] -loss 0.0616 - Accuracy: 95.32% 

Exp_No : 4 - Test accuracy : 82.58% -Current Object : 04_20 - Object No- 84
Epoch [1] -loss 0.0717 - Accuracy: 95.39% 

Exp_No : 4 - Test accuracy : 83.31% -Current Object : 05_33 - Object No- 85
Epoch [1] -loss 0.0734 - Accuracy: 95.27% 

Exp_No : 4 - Test accuracy : 83.06% -Current Object : 02_16 - Object No- 86
Epoch [1] -loss 0.0980 - Accuracy: 95.27% 

Exp_No : 4 - Test accuracy : 83.21% -Current Object : 04_39 - Object No- 87
Epoch [1] -loss 0.0948 - Accuracy: 95.43% 

Exp_No : 4 - Test accuracy : 83.60% -Current Object : 08_16 - Object No- 88
Epoch [1] -loss 0.0589 - Accuracy: 95.49% 

Exp_No : 4 - Test accuracy : 83.33% -Current Object : 09_33 - Object No- 89
Epoch [1] -loss 0.0913 - Accuracy: 95.31% 

Exp_No : 4 - Test accuracy : 83.37% -Current Object : 06_29 - Object No- 90
Epoch [1] -loss 0.0685 - Accuracy: 95.25% 

Exp_No : 4 - Test accuracy : 83.62% -Current Object : 04_29 - Object No- 91
Epoch [1] -loss 0.0931 - Accuracy: 95.34% 

Exp_No : 4 - Test accuracy : 83.70% -Current Object : 04_35 - Object No- 92
Epoch [1] -loss 0.0836 - Accuracy: 95.48% 

Exp_No : 4 - Test accuracy : 83.89% -Current Object : 08_35 - Object No- 93
Epoch [1] -loss 0.0774 - Accuracy: 95.11% 

Exp_No : 4 - Test accuracy : 83.69% -Current Object : 06_49 - Object No- 94
Epoch [1] -loss 0.0796 - Accuracy: 95.23% 

Exp_No : 4 - Test accuracy : 83.19% -Current Object : 02_45 - Object No- 95
Epoch [1] -loss 0.0572 - Accuracy: 95.16% 

Exp_No : 4 - Test accuracy : 83.62% -Current Object : 06_14 - Object No- 96
Epoch [1] -loss 0.0733 - Accuracy: 95.26% 

Exp_No : 4 - Test accuracy : 83.37% -Current Object : 02_34 - Object No- 97
Epoch [1] -loss 0.0721 - Accuracy: 95.28% 

Exp_No : 4 - Test accuracy : 83.65% -Current Object : 04_50 - Object No- 98
Epoch [1] -loss 0.0933 - Accuracy: 95.01% 

Exp_No : 4 - Test accuracy : 83.75% -Current Object : 01_01 - Object No- 99
Epoch [1] -loss 0.0862 - Accuracy: 95.12% 

Exp_No : 4 - Test accuracy : 83.77% -Current Object : 06_27 - Object No- 100
Epoch [1] -loss 0.5113 - Accuracy: 32.67% 
Epoch [2] -loss 0.2316 - Accuracy: 99.67% 

Exp_No : 5 - Test accuracy : 10.00% -Current Object : 05_23 - Object No- 1
Epoch [1] -loss 0.4322 - Accuracy: 50.33% 
Epoch [2] -loss 0.1807 - Accuracy: 84.17% 
Epoch [3] -loss 0.1105 - Accuracy: 99.00% 

Exp_No : 5 - Test accuracy : 12.27% -Current Object : 06_12 - Object No- 2
Epoch [1] -loss 0.6321 - Accuracy: 66.56% 
Epoch [2] -loss 0.2863 - Accuracy: 70.33% 
Epoch [3] -loss 0.1684 - Accuracy: 91.33% 
Epoch [4] -loss 0.1267 - Accuracy: 98.56% 

Exp_No : 5 - Test accuracy : 16.63% -Current Object : 08_28 - Object No- 3
Epoch [1] -loss 0.6504 - Accuracy: 74.48% 
Epoch [2] -loss 0.2296 - Accuracy: 85.99% 
Epoch [3] -loss 0.1331 - Accuracy: 99.00% 

Exp_No : 5 - Test accuracy : 20.38% -Current Object : 11_47 - Object No- 4
Epoch [1] -loss 0.7899 - Accuracy: 79.92% 
Epoch [2] -loss 0.2784 - Accuracy: 86.52% 
Epoch [3] -loss 0.1146 - Accuracy: 99.13% 

Exp_No : 5 - Test accuracy : 24.29% -Current Object : 02_39 - Object No- 5
Epoch [1] -loss 0.1232 - Accuracy: 97.17% 

Exp_No : 5 - Test accuracy : 25.82% -Current Object : 01_26 - Object No- 6
Epoch [1] -loss 0.1648 - Accuracy: 93.33% 
Epoch [2] -loss 0.0840 - Accuracy: 98.48% 

Exp_No : 5 - Test accuracy : 27.13% -Current Object : 02_50 - Object No- 7
Epoch [1] -loss 0.0775 - Accuracy: 98.50% 

Exp_No : 5 - Test accuracy : 27.49% -Current Object : 05_28 - Object No- 8
Epoch [1] -loss 0.0441 - Accuracy: 99.30% 

Exp_No : 5 - Test accuracy : 27.93% -Current Object : 04_28 - Object No- 9
Epoch [1] -loss 0.7728 - Accuracy: 89.66% 
Epoch [2] -loss 0.2978 - Accuracy: 91.70% 
Epoch [3] -loss 0.0591 - Accuracy: 99.40% 

Exp_No : 5 - Test accuracy : 30.11% -Current Object : 01_33 - Object No- 10
Epoch [1] -loss 0.1194 - Accuracy: 94.30% 
Epoch [2] -loss 0.0654 - Accuracy: 98.36% 

Exp_No : 5 - Test accuracy : 35.36% -Current Object : 05_34 - Object No- 11
Epoch [1] -loss 0.1110 - Accuracy: 94.64% 
Epoch [2] -loss 0.0548 - Accuracy: 96.86% 

Exp_No : 5 - Test accuracy : 40.34% -Current Object : 11_40 - Object No- 12
Epoch [1] -loss 0.5124 - Accuracy: 90.68% 
Epoch [2] -loss 0.2174 - Accuracy: 93.89% 
Epoch [3] -loss 0.0484 - Accuracy: 98.69% 

Exp_No : 5 - Test accuracy : 42.48% -Current Object : 06_45 - Object No- 13
Epoch [1] -loss 0.0595 - Accuracy: 98.24% 

Exp_No : 5 - Test accuracy : 44.58% -Current Object : 01_43 - Object No- 14
Epoch [1] -loss 0.6274 - Accuracy: 92.55% 
Epoch [2] -loss 0.1511 - Accuracy: 95.84% 

Exp_No : 5 - Test accuracy : 48.14% -Current Object : 08_18 - Object No- 15
Epoch [1] -loss 0.0459 - Accuracy: 99.27% 

Exp_No : 5 - Test accuracy : 48.67% -Current Object : 11_35 - Object No- 16
Epoch [1] -loss 0.1414 - Accuracy: 95.47% 

Exp_No : 5 - Test accuracy : 52.44% -Current Object : 08_13 - Object No- 17
Epoch [1] -loss 0.0495 - Accuracy: 97.81% 

Exp_No : 5 - Test accuracy : 53.15% -Current Object : 09_35 - Object No- 18
Epoch [1] -loss 0.4048 - Accuracy: 93.33% 
Epoch [2] -loss 0.0819 - Accuracy: 96.47% 

Exp_No : 5 - Test accuracy : 53.16% -Current Object : 06_08 - Object No- 19
Epoch [1] -loss 0.0795 - Accuracy: 97.60% 

Exp_No : 5 - Test accuracy : 55.85% -Current Object : 11_24 - Object No- 20
Epoch [1] -loss 0.0968 - Accuracy: 96.46% 

Exp_No : 5 - Test accuracy : 53.67% -Current Object : 05_48 - Object No- 21
Epoch [1] -loss 0.0362 - Accuracy: 98.07% 

Exp_No : 5 - Test accuracy : 55.25% -Current Object : 05_29 - Object No- 22
Epoch [1] -loss 0.4340 - Accuracy: 94.50% 
Epoch [2] -loss 0.1063 - Accuracy: 97.55% 

Exp_No : 5 - Test accuracy : 60.05% -Current Object : 09_05 - Object No- 23
Epoch [1] -loss 0.0369 - Accuracy: 98.57% 

Exp_No : 5 - Test accuracy : 62.45% -Current Object : 11_34 - Object No- 24
Epoch [1] -loss 0.0476 - Accuracy: 98.16% 

Exp_No : 5 - Test accuracy : 62.23% -Current Object : 04_31 - Object No- 25
Epoch [1] -loss 0.0578 - Accuracy: 97.46% 

Exp_No : 5 - Test accuracy : 63.51% -Current Object : 02_13 - Object No- 26
Epoch [1] -loss 0.0607 - Accuracy: 97.07% 

Exp_No : 5 - Test accuracy : 62.42% -Current Object : 08_21 - Object No- 27
Epoch [1] -loss 0.0424 - Accuracy: 98.09% 

Exp_No : 5 - Test accuracy : 64.60% -Current Object : 05_44 - Object No- 28
Epoch [1] -loss 0.0452 - Accuracy: 98.50% 

Exp_No : 5 - Test accuracy : 64.30% -Current Object : 01_12 - Object No- 29
Epoch [1] -loss 0.0241 - Accuracy: 99.07% 

Exp_No : 5 - Test accuracy : 65.04% -Current Object : 02_31 - Object No- 30
Epoch [1] -loss 0.0249 - Accuracy: 98.74% 

Exp_No : 5 - Test accuracy : 64.68% -Current Object : 02_28 - Object No- 31
Epoch [1] -loss 0.0232 - Accuracy: 99.02% 

Exp_No : 5 - Test accuracy : 66.13% -Current Object : 04_26 - Object No- 32
Epoch [1] -loss 0.0583 - Accuracy: 98.04% 

Exp_No : 5 - Test accuracy : 66.61% -Current Object : 11_14 - Object No- 33
Epoch [1] -loss 0.0717 - Accuracy: 97.22% 

Exp_No : 5 - Test accuracy : 68.66% -Current Object : 01_20 - Object No- 34
Epoch [1] -loss 0.0502 - Accuracy: 97.33% 

Exp_No : 5 - Test accuracy : 70.02% -Current Object : 11_03 - Object No- 35
Epoch [1] -loss 0.0379 - Accuracy: 97.49% 

Exp_No : 5 - Test accuracy : 69.10% -Current Object : 08_11 - Object No- 36
Epoch [1] -loss 0.0893 - Accuracy: 96.75% 

Exp_No : 5 - Test accuracy : 71.10% -Current Object : 04_10 - Object No- 37
Epoch [1] -loss 0.0447 - Accuracy: 97.52% 

Exp_No : 5 - Test accuracy : 71.40% -Current Object : 04_18 - Object No- 38
Epoch [1] -loss 0.0415 - Accuracy: 97.04% 

Exp_No : 5 - Test accuracy : 71.32% -Current Object : 05_12 - Object No- 39
Epoch [1] -loss 0.0678 - Accuracy: 97.38% 

Exp_No : 5 - Test accuracy : 70.20% -Current Object : 04_22 - Object No- 40
Epoch [1] -loss 0.0355 - Accuracy: 97.79% 

Exp_No : 5 - Test accuracy : 70.69% -Current Object : 05_03 - Object No- 41
Epoch [1] -loss 0.0436 - Accuracy: 97.38% 

Exp_No : 5 - Test accuracy : 71.72% -Current Object : 05_17 - Object No- 42
Epoch [1] -loss 0.0363 - Accuracy: 97.95% 

Exp_No : 5 - Test accuracy : 71.92% -Current Object : 11_32 - Object No- 43
Epoch [1] -loss 0.0380 - Accuracy: 97.81% 

Exp_No : 5 - Test accuracy : 70.53% -Current Object : 06_35 - Object No- 44
Epoch [1] -loss 0.0458 - Accuracy: 97.56% 

Exp_No : 5 - Test accuracy : 70.91% -Current Object : 06_16 - Object No- 45
Epoch [1] -loss 0.0667 - Accuracy: 97.22% 

Exp_No : 5 - Test accuracy : 73.74% -Current Object : 05_07 - Object No- 46
Epoch [1] -loss 0.0442 - Accuracy: 97.34% 

Exp_No : 5 - Test accuracy : 75.02% -Current Object : 08_09 - Object No- 47
Epoch [1] -loss 0.0460 - Accuracy: 97.33% 

Exp_No : 5 - Test accuracy : 75.05% -Current Object : 04_49 - Object No- 48
Epoch [1] -loss 0.0648 - Accuracy: 96.94% 

Exp_No : 5 - Test accuracy : 76.78% -Current Object : 01_36 - Object No- 49
Epoch [1] -loss 0.0432 - Accuracy: 97.36% 

Exp_No : 5 - Test accuracy : 75.73% -Current Object : 08_48 - Object No- 50
Epoch [1] -loss 0.0529 - Accuracy: 96.74% 

Exp_No : 5 - Test accuracy : 76.59% -Current Object : 11_45 - Object No- 51
Epoch [1] -loss 0.0462 - Accuracy: 96.67% 

Exp_No : 5 - Test accuracy : 76.71% -Current Object : 05_50 - Object No- 52
Epoch [1] -loss 0.0514 - Accuracy: 96.83% 

Exp_No : 5 - Test accuracy : 77.47% -Current Object : 08_41 - Object No- 53
Epoch [1] -loss 0.0398 - Accuracy: 97.24% 

Exp_No : 5 - Test accuracy : 77.35% -Current Object : 11_33 - Object No- 54
Epoch [1] -loss 0.0475 - Accuracy: 96.95% 

Exp_No : 5 - Test accuracy : 78.15% -Current Object : 11_19 - Object No- 55
Epoch [1] -loss 0.0558 - Accuracy: 95.79% 

Exp_No : 5 - Test accuracy : 78.90% -Current Object : 11_27 - Object No- 56
Epoch [1] -loss 0.0426 - Accuracy: 96.21% 

Exp_No : 5 - Test accuracy : 79.00% -Current Object : 09_24 - Object No- 57
Epoch [1] -loss 0.0429 - Accuracy: 96.25% 

Exp_No : 5 - Test accuracy : 79.53% -Current Object : 01_30 - Object No- 58
Epoch [1] -loss 0.0464 - Accuracy: 96.48% 

Exp_No : 5 - Test accuracy : 80.05% -Current Object : 06_22 - Object No- 59
Epoch [1] -loss 0.0554 - Accuracy: 96.35% 

Exp_No : 5 - Test accuracy : 80.22% -Current Object : 04_12 - Object No- 60
Epoch [1] -loss 0.0839 - Accuracy: 96.51% 

Exp_No : 5 - Test accuracy : 80.32% -Current Object : 09_42 - Object No- 61
Epoch [1] -loss 0.0640 - Accuracy: 96.47% 

Exp_No : 5 - Test accuracy : 79.75% -Current Object : 09_49 - Object No- 62
Epoch [1] -loss 0.0552 - Accuracy: 96.90% 

Exp_No : 5 - Test accuracy : 80.29% -Current Object : 02_44 - Object No- 63
Epoch [1] -loss 0.0603 - Accuracy: 96.49% 

Exp_No : 5 - Test accuracy : 79.49% -Current Object : 02_14 - Object No- 64
Epoch [1] -loss 0.0584 - Accuracy: 96.35% 

Exp_No : 5 - Test accuracy : 80.05% -Current Object : 05_15 - Object No- 65
Epoch [1] -loss 0.0603 - Accuracy: 96.31% 

Exp_No : 5 - Test accuracy : 80.21% -Current Object : 05_46 - Object No- 66
Epoch [1] -loss 0.0791 - Accuracy: 95.26% 

Exp_No : 5 - Test accuracy : 80.34% -Current Object : 06_39 - Object No- 67
Epoch [1] -loss 0.0667 - Accuracy: 95.61% 

Exp_No : 5 - Test accuracy : 80.03% -Current Object : 09_15 - Object No- 68
Epoch [1] -loss 0.1059 - Accuracy: 95.54% 

Exp_No : 5 - Test accuracy : 81.09% -Current Object : 06_04 - Object No- 69
Epoch [1] -loss 0.0764 - Accuracy: 95.79% 

Exp_No : 5 - Test accuracy : 80.52% -Current Object : 08_32 - Object No- 70
Epoch [1] -loss 0.0716 - Accuracy: 95.72% 

Exp_No : 5 - Test accuracy : 80.93% -Current Object : 06_28 - Object No- 71
Epoch [1] -loss 0.0538 - Accuracy: 95.68% 

Exp_No : 5 - Test accuracy : 80.88% -Current Object : 04_42 - Object No- 72
Epoch [1] -loss 0.0502 - Accuracy: 95.89% 

Exp_No : 5 - Test accuracy : 80.98% -Current Object : 02_25 - Object No- 73
Epoch [1] -loss 0.0587 - Accuracy: 96.11% 

Exp_No : 5 - Test accuracy : 80.78% -Current Object : 09_08 - Object No- 74
Epoch [1] -loss 0.0759 - Accuracy: 95.45% 

Exp_No : 5 - Test accuracy : 81.01% -Current Object : 09_27 - Object No- 75
Epoch [1] -loss 0.0765 - Accuracy: 95.07% 

Exp_No : 5 - Test accuracy : 81.82% -Current Object : 02_10 - Object No- 76
Epoch [1] -loss 0.0637 - Accuracy: 95.25% 

Exp_No : 5 - Test accuracy : 82.30% -Current Object : 05_14 - Object No- 77
Epoch [1] -loss 0.0753 - Accuracy: 95.60% 

Exp_No : 5 - Test accuracy : 81.85% -Current Object : 05_18 - Object No- 78
Epoch [1] -loss 0.0499 - Accuracy: 95.76% 

Exp_No : 5 - Test accuracy : 81.77% -Current Object : 01_14 - Object No- 79
Epoch [1] -loss 0.0611 - Accuracy: 95.83% 

Exp_No : 5 - Test accuracy : 82.47% -Current Object : 09_36 - Object No- 80
Epoch [1] -loss 0.0581 - Accuracy: 95.84% 

Exp_No : 5 - Test accuracy : 81.92% -Current Object : 11_21 - Object No- 81
Epoch [1] -loss 0.0933 - Accuracy: 95.11% 

Exp_No : 5 - Test accuracy : 82.92% -Current Object : 04_01 - Object No- 82
Epoch [1] -loss 0.0739 - Accuracy: 95.17% 

Exp_No : 5 - Test accuracy : 82.71% -Current Object : 05_36 - Object No- 83
Epoch [1] -loss 0.0616 - Accuracy: 95.32% 

Exp_No : 5 - Test accuracy : 82.58% -Current Object : 04_20 - Object No- 84
Epoch [1] -loss 0.0717 - Accuracy: 95.39% 

Exp_No : 5 - Test accuracy : 83.31% -Current Object : 05_33 - Object No- 85
Epoch [1] -loss 0.0734 - Accuracy: 95.27% 

Exp_No : 5 - Test accuracy : 83.06% -Current Object : 02_16 - Object No- 86
Epoch [1] -loss 0.0980 - Accuracy: 95.27% 

Exp_No : 5 - Test accuracy : 83.21% -Current Object : 04_39 - Object No- 87
Epoch [1] -loss 0.0948 - Accuracy: 95.43% 

Exp_No : 5 - Test accuracy : 83.60% -Current Object : 08_16 - Object No- 88
Epoch [1] -loss 0.0589 - Accuracy: 95.49% 

Exp_No : 5 - Test accuracy : 83.33% -Current Object : 09_33 - Object No- 89
Epoch [1] -loss 0.0913 - Accuracy: 95.31% 

Exp_No : 5 - Test accuracy : 83.37% -Current Object : 06_29 - Object No- 90
Epoch [1] -loss 0.0685 - Accuracy: 95.25% 

Exp_No : 5 - Test accuracy : 83.62% -Current Object : 04_29 - Object No- 91
Epoch [1] -loss 0.0931 - Accuracy: 95.34% 

Exp_No : 5 - Test accuracy : 83.70% -Current Object : 04_35 - Object No- 92
Epoch [1] -loss 0.0836 - Accuracy: 95.48% 

Exp_No : 5 - Test accuracy : 83.89% -Current Object : 08_35 - Object No- 93
Epoch [1] -loss 0.0774 - Accuracy: 95.11% 

Exp_No : 5 - Test accuracy : 83.69% -Current Object : 06_49 - Object No- 94
Epoch [1] -loss 0.0796 - Accuracy: 95.23% 

Exp_No : 5 - Test accuracy : 83.19% -Current Object : 02_45 - Object No- 95
Epoch [1] -loss 0.0572 - Accuracy: 95.16% 

Exp_No : 5 - Test accuracy : 83.62% -Current Object : 06_14 - Object No- 96
Epoch [1] -loss 0.0733 - Accuracy: 95.26% 

Exp_No : 5 - Test accuracy : 83.37% -Current Object : 02_34 - Object No- 97
Epoch [1] -loss 0.0721 - Accuracy: 95.28% 

Exp_No : 5 - Test accuracy : 83.65% -Current Object : 04_50 - Object No- 98
Epoch [1] -loss 0.0933 - Accuracy: 95.01% 

Exp_No : 5 - Test accuracy : 83.75% -Current Object : 01_01 - Object No- 99
Epoch [1] -loss 0.0862 - Accuracy: 95.12% 

Exp_No : 5 - Test accuracy : 83.77% -Current Object : 06_27 - Object No- 100
